# JRE version: OpenJDK Runtime Environment Corretto-11.0.28.6.1 (11.0.28+6) (build 11.0.28+6-LTS)
# Java VM: OpenJDK 64-Bit Server VM Corretto-11.0.28.6.1 (11.0.28+6-LTS, mixed mode, tiered, compressed oops, g1 gc, windows-amd64)
Heap:
 garbage-first heap   total 262144K, used 190045K [0x00000000e0000000, 0x0000000100000000)
  region size 1024K, 125 young (128000K), 15 survivors (15360K)
 Metaspace       used 53948K, capacity 55899K, committed 56140K, reserved 434176K
  class space    used 6912K, capacity 7622K, committed 7756K, reserved 385024K
GC Heap History (12 events):
Event: 0.754 GC heap before
{Heap before GC invocations=0 (full 0):
 garbage-first heap   total 262144K, used 14336K [0x00000000e0000000, 0x0000000100000000)
  region size 1024K, 14 young (14336K), 0 survivors (0K)
 Metaspace       used 6989K, capacity 7137K, committed 7424K, reserved 393216K
  class space    used 604K, capacity 654K, committed 768K, reserved 385024K
}
Event: 0.762 GC heap after
{Heap after GC invocations=1 (full 0):
 garbage-first heap   total 262144K, used 1886K [0x00000000e0000000, 0x0000000100000000)
  region size 1024K, 2 young (2048K), 2 survivors (2048K)
 Metaspace       used 6989K, capacity 7137K, committed 7424K, reserved 393216K
  class space    used 604K, capacity 654K, committed 768K, reserved 385024K
}
Event: 4.116 GC heap before
{Heap before GC invocations=1 (full 0):
 garbage-first heap   total 262144K, used 133982K [0x00000000e0000000, 0x0000000100000000)
  region size 1024K, 127 young (130048K), 2 survivors (2048K)
 Metaspace       used 20762K, capacity 21185K, committed 21248K, reserved 405504K
  class space    used 2377K, capacity 2543K, committed 2560K, reserved 385024K
}
Event: 4.130 GC heap after
{Heap after GC invocations=2 (full 0):
 garbage-first heap   total 262144K, used 19758K [0x00000000e0000000, 0x0000000100000000)
  region size 1024K, 15 young (15360K), 15 survivors (15360K)
 Metaspace       used 20762K, capacity 21185K, committed 21248K, reserved 405504K
  class space    used 2377K, capacity 2543K, committed 2560K, reserved 385024K
}
Event: 5.166 GC heap before
{Heap before GC invocations=3 (full 0):
 garbage-first heap   total 262144K, used 95534K [0x00000000e0000000, 0x0000000100000000)
  region size 1024K, 89 young (91136K), 15 survivors (15360K)
 Metaspace       used 26682K, capacity 27446K, committed 27776K, reserved 409600K
  class space    used 3340K, capacity 3599K, committed 3712K, reserved 385024K
}
Event: 5.179 GC heap after
{Heap after GC invocations=4 (full 0):
 garbage-first heap   total 262144K, used 22118K [0x00000000e0000000, 0x0000000100000000)
  region size 1024K, 3 young (3072K), 3 survivors (3072K)
 Metaspace       used 26682K, capacity 27446K, committed 27776K, reserved 409600K
  class space    used 3340K, capacity 3599K, committed 3712K, reserved 385024K
}
Event: 6.293 GC heap before
{Heap before GC invocations=4 (full 0):
 garbage-first heap   total 262144K, used 121446K [0x00000000e0000000, 0x0000000100000000)
  region size 1024K, 75 young (76800K), 3 survivors (3072K)
 Metaspace       used 32017K, capacity 32968K, committed 33280K, reserved 413696K
  class space    used 4190K, capacity 4525K, committed 4608K, reserved 385024K
}
Event: 6.299 GC heap after
{Heap after GC invocations=5 (full 0):
 garbage-first heap   total 262144K, used 53194K [0x00000000e0000000, 0x0000000100000000)
  region size 1024K, 8 young (8192K), 8 survivors (8192K)
 Metaspace       used 32017K, capacity 32968K, committed 33280K, reserved 413696K
  class space    used 4190K, capacity 4525K, committed 4608K, reserved 385024K
}
Event: 6.932 GC heap before
{Heap before GC invocations=5 (full 0):
 garbage-first heap   total 262144K, used 95178K [0x00000000e0000000, 0x0000000100000000)
  region size 1024K, 50 young (51200K), 8 survivors (8192K)
 Metaspace       used 34768K, capacity 35781K, committed 35840K, reserved 417792K
  class space    used 4598K, capacity 4975K, committed 4992K, reserved 385024K
}
Event: 6.941 GC heap after
{Heap after GC invocations=6 (full 0):
 garbage-first heap   total 262144K, used 54097K [0x00000000e0000000, 0x0000000100000000)
  region size 1024K, 9 young (9216K), 9 survivors (9216K)
 Metaspace       used 34768K, capacity 35781K, committed 35840K, reserved 417792K
  class space    used 4598K, capacity 4975K, committed 4992K, reserved 385024K
}
Event: 9.054 GC heap before
{Heap before GC invocations=7 (full 0):
 garbage-first heap   total 262144K, used 187217K [0x00000000e0000000, 0x0000000100000000)
  region size 1024K, 135 young (138240K), 9 survivors (9216K)
 Metaspace       used 47061K, capacity 48523K, committed 48588K, reserved 428032K
  class space    used 6041K, capacity 6586K, committed 6604K, reserved 385024K
}
Event: 9.071 GC heap after
{Heap after GC invocations=8 (full 0):
 garbage-first heap   total 262144K, used 61021K [0x00000000e0000000, 0x0000000100000000)
  region size 1024K, 15 young (15360K), 15 survivors (15360K)
 Metaspace       used 47061K, capacity 48523K, committed 48588K, reserved 428032K
  class space    used 6041K, capacity 6586K, committed 6604K, reserved 385024K
}

